<?xml version="1.0" encoding="UTF-8"?>
<!-- Generated by org.testng.reporters.JUnitReportReporter -->
<testsuite hostname="DESKTOP-F19AQ03" failures="0" tests="1" name="org.zolando.practies.DataBaseSenario" time="18.743" errors="0" timestamp="2022-11-30T13:13:27 IST" skipped="0">
  <testcase classname="org.zolando.practies.DataBaseSenario" name="validateData" time="18.743"/>
  <system-out/>
</testsuite> <!-- org.zolando.practies.DataBaseSenario -->
