<?xml version="1.0" encoding="UTF-8"?>
<!-- Generated by org.testng.reporters.JUnitReportReporter -->
<testsuite skipped="0" hostname="PREM-PC" name="org.zolando.admin.TestCase02Test" tests="1" failures="0" timestamp="2022-09-14T18:09:44 GMT+05:30" time="25.762" errors="1">
  <testcase name="launchUserInterFaceUrlAndNewAccountCreationTest" time="25.762" classname="org.zolando.admin.TestCase02Test">
    <error type="java.lang.NullPointerException">
      <![CDATA[java.lang.NullPointerException
at org.zolando.admin.TestCase02Test.launchUserInterFaceUrlAndNewAccountCreationTest(TestCase02Test.java:19)
at sun.reflect.NativeMethodAccessorImpl.invoke0(Native Method)
at sun.reflect.NativeMethodAccessorImpl.invoke(NativeMethodAccessorImpl.java:62)
at sun.reflect.DelegatingMethodAccessorImpl.invoke(DelegatingMethodAccessorImpl.java:43)
at java.lang.reflect.Method.invoke(Method.java:498)
at org.testng.internal.MethodInvocationHelper.invokeMethod(MethodInvocationHelper.java:133)
at org.testng.internal.TestInvoker.invokeMethod(TestInvoker.java:598)
at org.testng.internal.TestInvoker.invokeTestMethod(TestInvoker.java:173)
at org.testng.internal.MethodRunner.runInSequence(MethodRunner.java:46)
at org.testng.internal.TestInvoker$MethodInvocationAgent.invoke(TestInvoker.java:824)
at org.testng.internal.TestInvoker.invokeTestMethods(TestInvoker.java:146)
at org.testng.internal.TestMethodWorker.invokeTestMethods(TestMethodWorker.java:146)
at org.testng.internal.TestMethodWorker.run(TestMethodWorker.java:128)
at java.util.concurrent.ThreadPoolExecutor.runWorker(ThreadPoolExecutor.java:1149)
at java.util.concurrent.ThreadPoolExecutor$Worker.run(ThreadPoolExecutor.java:624)
at java.lang.Thread.run(Thread.java:748)
]]>
    </error>
  </testcase> <!-- launchUserInterFaceUrlAndNewAccountCreationTest -->
  <system-out/>
</testsuite> <!-- org.zolando.admin.TestCase02Test -->
