<?xml version="1.0" encoding="UTF-8"?>
<!-- Generated by org.testng.reporters.JUnitReportReporter -->
<testsuite skipped="0" hostname="PREM-PC" name="EndToEnd_New.TestTestNGXml07" tests="1" failures="0" timestamp="2022-09-13T16:59:50 GMT+05:30" time="0.068" errors="0">
  <testcase name="test07" time="0.068" classname="EndToEnd_New.TestTestNGXml07"/>
  <system-out>
    <![CDATA[test07 thread count is 14]]>
  </system-out>
</testsuite> <!-- EndToEnd_New.TestTestNGXml07 -->
