<?xml version="1.0" encoding="UTF-8"?>
<!-- Generated by org.testng.reporters.JUnitReportReporter -->
<testsuite hostname="DESKTOP-F19AQ03" failures="0" tests="1" name="RestAssuredWithOutBDD.DeleteRepo" time="14.271" errors="0" timestamp="2022-11-30T11:01:25 IST" skipped="0">
  <testcase classname="RestAssuredWithOutBDD.DeleteRepo" name="deleteRepo" time="14.271"/>
  <system-out/>
</testsuite> <!-- RestAssuredWithOutBDD.DeleteRepo -->
