<?xml version="1.0" encoding="UTF-8"?>
<!-- Generated by org.testng.reporters.JUnitReportReporter -->
<testsuite hostname="DESKTOP-F19AQ03" failures="0" tests="1" name="org.zolando.practies.ChromenotificationPopUp" time="43.126" errors="0" timestamp="2022-12-10T05:41:34 IST" skipped="0">
  <testcase classname="org.zolando.practies.ChromenotificationPopUp" name="launch" time="43.126"/>
  <system-out/>
</testsuite> <!-- org.zolando.practies.ChromenotificationPopUp -->
