<?xml version="1.0" encoding="UTF-8"?>
<!-- Generated by org.testng.reporters.JUnitReportReporter -->
<testsuite hostname="DESKTOP-F19AQ03" failures="0" tests="1" name="RestAssured.GetAllRepo" time="15.070" errors="0" timestamp="2022-11-29T17:06:09 IST" skipped="0">
  <testcase classname="RestAssured.GetAllRepo" name="getAllRepoWithBDD" time="15.070"/>
  <system-out/>
</testsuite> <!-- RestAssured.GetAllRepo -->
