<?xml version="1.0" encoding="UTF-8"?>
<!-- Generated by org.testng.reporters.JUnitReportReporter -->
<testsuite skipped="0" hostname="PREM-PC" name="org.zolando.practies.CmdDataDrivenTestingTest" tests="1" failures="0" timestamp="2022-09-20T11:32:42 GMT+05:30" time="19.723" errors="0">
  <testcase name="launchTest" time="19.723" classname="org.zolando.practies.CmdDataDrivenTestingTest"/>
  <system-out/>
</testsuite> <!-- org.zolando.practies.CmdDataDrivenTestingTest -->
