<?xml version="1.0" encoding="UTF-8"?>
<!-- Generated by org.testng.reporters.JUnitReportReporter -->
<testsuite skipped="0" hostname="PREM-PC" name="EndToEnd_New.TestTestNGXml02" tests="1" failures="0" timestamp="2022-09-13T14:31:51 GMT+05:30" time="0.007" errors="0">
  <testcase name="test02" time="0.007" classname="EndToEnd_New.TestTestNGXml02"/>
  <system-out>
    <![CDATA[test02 thread count is 17]]>
  </system-out>
</testsuite> <!-- EndToEnd_New.TestTestNGXml02 -->
