<?xml version="1.0" encoding="UTF-8"?>
<!-- Generated by org.testng.reporters.JUnitReportReporter -->
<testsuite skipped="0" hostname="PREM-PC" name="org.zolando.admin.TestCase03Test" tests="1" failures="0" timestamp="2022-09-15T10:02:45 GMT+05:30" time="47.151" errors="0">
  <testcase name="launchUserInterFaceUrlAndNewAccountCreationTest" time="47.151" classname="org.zolando.admin.TestCase03Test"/>
  <system-out>
    <![CDATA[url launch Successfuly]]>
  </system-out>
</testsuite> <!-- org.zolando.admin.TestCase03Test -->
