<?xml version="1.0" encoding="UTF-8"?>
<!-- Generated by org.testng.reporters.JUnitReportReporter -->
<testsuite hostname="DESKTOP-F19AQ03" failures="0" tests="1" name="RestAssuredWithOutBDD.CreateRepoWithJsonBody" time="31.993" errors="0" timestamp="2022-11-30T09:56:26 IST" skipped="0">
  <testcase classname="RestAssuredWithOutBDD.CreateRepoWithJsonBody" name="createRepo" time="31.993"/>
  <system-out/>
</testsuite> <!-- RestAssuredWithOutBDD.CreateRepoWithJsonBody -->
