<?xml version="1.0" encoding="UTF-8"?>
<!-- Generated by org.testng.reporters.JUnitReportReporter -->
<testsuite skipped="0" hostname="PREM-PC" name="org.zolando.PlaceOrderAndCheckStatusTest" tests="1" failures="0" timestamp="2022-09-19T12:16:44 GMT+05:30" time="91.633" errors="0">
  <testcase name="placeOrderAndCheckStatusTest" time="91.633" classname="org.zolando.PlaceOrderAndCheckStatusTest"/>
  <system-out/>
</testsuite> <!-- org.zolando.PlaceOrderAndCheckStatusTest -->
