<?xml version="1.0" encoding="UTF-8"?>
<!-- Generated by org.testng.reporters.JUnitReportReporter -->
<testsuite hostname="DESKTOP-F19AQ03" failures="0" tests="1" name="RestAssuredWithOutBDD.GetAllRepo" time="18.511" errors="0" timestamp="2022-11-29T16:23:42 IST" skipped="0">
  <testcase classname="RestAssuredWithOutBDD.GetAllRepo" name="getAllRepo" time="18.511"/>
  <system-out/>
</testsuite> <!-- RestAssuredWithOutBDD.GetAllRepo -->
