<?xml version="1.0" encoding="UTF-8"?>
<!-- Generated by org.testng.reporters.JUnitReportReporter -->
<testsuite skipped="0" hostname="PREM-PC" name="org.zolando.practies.TestNGPractiesTest" tests="2" failures="0" timestamp="2022-09-09T11:35:58 GMT+05:30" time="0.054" errors="0">
  <testcase name="step1Test" time="0.045" classname="org.zolando.practies.TestNGPractiesTest"/>
  <system-out/>
  <testcase name="step2Test" time="0.009" classname="org.zolando.practies.TestNGPractiesTest"/>
  <system-out/>
</testsuite> <!-- org.zolando.practies.TestNGPractiesTest -->
