<?xml version="1.0" encoding="UTF-8"?>
<!-- Generated by org.testng.reporters.JUnitReportReporter -->
<testsuite skipped="0" hostname="PREM-PC" name="org.zolando.UserNewAccountCreationTest" tests="1" failures="0" timestamp="2022-09-21T16:33:46 GMT+05:30" time="42.922" errors="0">
  <testcase name="userNewAccountCreationTest" time="42.922" classname="org.zolando.UserNewAccountCreationTest"/>
  <system-out/>
</testsuite> <!-- org.zolando.UserNewAccountCreationTest -->
