<?xml version="1.0" encoding="UTF-8"?>
<!-- Generated by org.testng.reporters.JUnitReportReporter -->
<testsuite skipped="0" hostname="PREM-PC" name="org.zolando.CreateCategoryAndCreateSubCategoryAndInsertProductTest" tests="1" failures="0" timestamp="2022-09-19T12:16:44 GMT+05:30" time="61.777" errors="0">
  <testcase name="createCategoryAndCreateSubCategoryAndInsertProductTest" time="61.777" classname="org.zolando.CreateCategoryAndCreateSubCategoryAndInsertProductTest"/>
  <system-out/>
</testsuite> <!-- org.zolando.CreateCategoryAndCreateSubCategoryAndInsertProductTest -->
