<?xml version="1.0" encoding="UTF-8"?>
<!-- Generated by org.testng.reporters.JUnitReportReporter -->
<testsuite skipped="0" hostname="PREM-PC" name="EndToEnd_New.TestTestNGXml04" tests="1" failures="0" timestamp="2022-09-13T14:31:51 GMT+05:30" time="0.014" errors="0">
  <testcase name="test04" time="0.014" classname="EndToEnd_New.TestTestNGXml04"/>
  <system-out>
    <![CDATA[test04 thread count is 15]]>
  </system-out>
</testsuite> <!-- EndToEnd_New.TestTestNGXml04 -->
