<?xml version="1.0" encoding="UTF-8"?>
<!-- Generated by org.testng.reporters.JUnitReportReporter -->
<testsuite skipped="0" hostname="PREM-PC" name="org.zolando.Test2" tests="1" failures="0" timestamp="2022-09-16T12:19:49 GMT+05:30" time="0.076" errors="0">
  <testcase name="test2" time="0.076" classname="org.zolando.Test2"/>
  <system-out>
    <![CDATA[hello]]>
  </system-out>
</testsuite> <!-- org.zolando.Test2 -->
