<?xml version="1.0" encoding="UTF-8"?>
<!-- Generated by org.testng.reporters.JUnitReportReporter -->
<testsuite skipped="0" hostname="PREM-PC" name="EndToEnd_New.TestTestNGXml05" tests="1" failures="0" timestamp="2022-09-13T16:59:50 GMT+05:30" time="0.004" errors="0">
  <testcase name="test05" time="0.004" classname="EndToEnd_New.TestTestNGXml05"/>
  <system-out>
    <![CDATA[test05 thread count is 15]]>
  </system-out>
</testsuite> <!-- EndToEnd_New.TestTestNGXml05 -->
