<?xml version="1.0" encoding="UTF-8"?>
<!-- Generated by org.testng.reporters.JUnitReportReporter -->
<testsuite skipped="0" hostname="PREM-PC" name="EndToEnd_New.TestTestNGXml08" tests="1" failures="0" timestamp="2022-09-13T14:31:50 GMT+05:30" time="0.040" errors="0">
  <testcase name="test08" time="0.040" classname="EndToEnd_New.TestTestNGXml08"/>
  <system-out>
    <![CDATA[test08 thread count is 16]]>
  </system-out>
</testsuite> <!-- EndToEnd_New.TestTestNGXml08 -->
