<?xml version="1.0" encoding="UTF-8"?>
<!-- Generated by org.testng.reporters.JUnitReportReporter -->
<testsuite skipped="0" hostname="PREM-PC" name="org.zolando.DeleteAllProductsAndDeleteAllSubCategoryAndDeleteAllCategoryTest" tests="1" failures="0" timestamp="2022-09-19T17:32:14 GMT+05:30" time="152.788" errors="0">
  <testcase name="deleteAllProductsAndDeleteAllSubCategoryAndDeleteAllCategoryTest" time="152.788" classname="org.zolando.DeleteAllProductsAndDeleteAllSubCategoryAndDeleteAllCategoryTest"/>
  <system-out/>
</testsuite> <!-- org.zolando.DeleteAllProductsAndDeleteAllSubCategoryAndDeleteAllCategoryTest -->
