<?xml version="1.0" encoding="UTF-8"?>
<!-- Generated by org.testng.reporters.JUnitReportReporter -->
<testsuite hostname="DESKTOP-F19AQ03" failures="0" tests="1" name="org.zolando.practies.Assigement" time="50.276" errors="0" timestamp="2022-12-10T06:04:55 IST" skipped="0">
  <testcase classname="org.zolando.practies.Assigement" name="main" time="50.276"/>
  <system-out/>
</testsuite> <!-- org.zolando.practies.Assigement -->
