<?xml version="1.0" encoding="UTF-8"?>
<!-- Generated by org.testng.reporters.JUnitReportReporter -->
<testsuite hostname="DESKTOP-F19AQ03" failures="0" tests="1" name="RestAssuredWithBDD.CreateRepo" time="22.658" errors="0" timestamp="2022-11-30T10:15:46 IST" skipped="0">
  <testcase classname="RestAssuredWithBDD.CreateRepo" name="createRepo" time="22.658"/>
  <system-out/>
</testsuite> <!-- RestAssuredWithBDD.CreateRepo -->
